2024-11-15 14:56:20,766 - click - INFO - Activate
2024-11-15 14:56:35,462 - click - INFO - A
2024-11-15 14:57:13,614 - click - INFO - A
2024-11-15 14:57:16,124 - click - INFO - C
2024-11-15 14:57:26,646 - click - INFO - A
2024-11-15 14:57:30,165 - click - INFO - A
2024-11-15 14:58:10,363 - click - INFO - A
2024-11-15 14:58:12,874 - click - INFO - C
2024-11-15 14:58:23,383 - click - INFO - A
2024-11-15 14:58:26,922 - click - INFO - A
2024-11-15 14:58:52,405 - click - INFO - S
2024-11-15 14:58:54,915 - click - INFO - C
2024-11-15 14:58:58,427 - click - INFO - S
2024-11-15 14:59:00,936 - click - INFO - C
2024-11-15 14:59:04,449 - click - INFO - S
2024-11-15 14:59:06,959 - click - INFO - C
2024-11-15 14:59:10,470 - click - INFO - S
2024-11-15 14:59:12,982 - click - INFO - V
2024-11-15 14:59:16,491 - click - INFO - A
2024-11-15 14:59:19,119 - click - INFO - C
2024-11-15 14:59:22,640 - click - INFO - A
2024-11-15 14:59:25,149 - click - INFO - C
2024-11-15 14:59:28,663 - click - INFO - A
2024-11-15 14:59:31,177 - click - INFO - C
2024-11-15 14:59:34,691 - click - INFO - A
2024-11-15 14:59:37,201 - click - INFO - C
2024-11-15 14:59:40,711 - click - INFO - A
2024-11-15 14:59:43,225 - click - INFO - C
2024-11-15 14:59:46,735 - click - INFO - I
2024-11-15 14:59:57,244 - click - INFO - A
2024-11-15 15:00:00,780 - click - INFO - A
2024-11-15 15:00:21,439 - click - INFO - A
2024-11-15 15:00:23,953 - click - INFO - C
2024-11-15 15:00:34,467 - click - INFO - A
2024-11-15 15:00:37,989 - click - INFO - A
2024-11-15 15:00:55,920 - click - INFO - A
2024-11-15 15:00:58,435 - click - INFO - C
2024-11-15 15:01:08,947 - click - INFO - A
2024-11-15 15:01:12,483 - click - INFO - A
2024-11-15 15:01:43,391 - click - INFO - S
2024-11-15 15:01:45,904 - click - INFO - C
2024-11-15 15:01:49,416 - click - INFO - S
2024-11-15 15:01:51,928 - click - INFO - C
2024-11-15 15:01:55,436 - click - INFO - S
2024-11-15 15:01:57,946 - click - INFO - C
2024-11-15 15:02:01,455 - click - INFO - S
2024-11-15 15:02:03,963 - click - INFO - V
2024-11-15 15:02:07,477 - click - INFO - A
2024-11-15 15:02:09,989 - click - INFO - C
2024-11-15 15:02:13,506 - click - INFO - A
2024-11-15 15:02:16,014 - click - INFO - C
2024-11-15 15:02:19,523 - click - INFO - A
2024-11-15 15:02:22,033 - click - INFO - C
2024-11-15 15:02:25,542 - click - INFO - A
2024-11-15 15:02:28,051 - click - INFO - C
2024-11-15 15:02:31,564 - click - INFO - A
2024-11-15 15:02:34,075 - click - INFO - C
2024-11-15 15:02:37,587 - click - INFO - I
2024-11-15 15:02:48,096 - click - INFO - A
2024-11-15 15:02:51,632 - click - INFO - A
2024-11-15 15:03:06,969 - click - INFO - A
2024-11-15 15:03:09,479 - click - INFO - C
2024-11-15 15:03:19,988 - click - INFO - A
2024-11-15 15:03:23,511 - click - INFO - A
2024-11-15 15:03:39,708 - click - INFO - A
2024-11-15 15:03:42,226 - click - INFO - V
2024-11-15 15:03:52,735 - click - INFO - A
2024-11-15 15:03:56,276 - click - INFO - A
2024-11-15 15:04:45,554 - click - INFO - S
2024-11-15 15:04:48,071 - click - INFO - C
2024-11-15 15:04:51,581 - click - INFO - S
2024-11-15 15:04:54,098 - click - INFO - C
2024-11-15 15:04:57,610 - click - INFO - S
2024-11-15 15:05:00,118 - click - INFO - V
2024-11-15 15:05:03,627 - click - INFO - S
2024-11-15 15:05:06,142 - click - INFO - V
2024-11-15 15:05:09,651 - click - INFO - A
2024-11-15 15:05:12,158 - click - INFO - C
2024-11-15 15:05:15,674 - click - INFO - A
2024-11-15 15:05:18,183 - click - INFO - C
2024-11-15 15:05:21,697 - click - INFO - A
2024-11-15 15:05:24,229 - click - INFO - C
2024-11-15 15:05:27,737 - click - INFO - A
2024-11-15 15:05:30,245 - click - INFO - C
2024-11-15 15:05:33,762 - click - INFO - A
2024-11-15 15:05:36,271 - click - INFO - C
2024-11-15 15:05:39,792 - click - INFO - I
2024-11-15 15:05:50,312 - click - INFO - A
2024-11-15 15:05:53,838 - click - INFO - A
2024-11-15 15:06:09,522 - click - INFO - A
2024-11-15 15:06:12,033 - click - INFO - V
2024-11-15 15:06:22,543 - click - INFO - A
2024-11-15 15:06:26,063 - click - INFO - A
2024-11-15 15:06:42,406 - click - INFO - A
2024-11-15 15:06:44,922 - click - INFO - V
2024-11-15 15:06:55,432 - click - INFO - A
2024-11-15 15:06:58,968 - click - INFO - A
2024-11-15 15:07:28,112 - click - INFO - S
2024-11-15 15:07:30,624 - click - INFO - C
2024-11-15 15:07:34,132 - click - INFO - S
2024-11-15 15:07:36,639 - click - INFO - C
2024-11-15 15:07:40,152 - click - INFO - S
2024-11-15 15:07:42,663 - click - INFO - C
2024-11-15 15:07:46,175 - click - INFO - D
2024-11-15 15:07:48,682 - click - INFO - Z
2024-11-15 15:08:07,194 - click - INFO - D
2024-11-15 15:08:09,710 - click - INFO - Z
2024-11-15 15:08:28,220 - click - INFO - A
2024-11-15 15:08:30,736 - click - INFO - C
2024-11-15 15:08:34,243 - click - INFO - A
2024-11-15 15:08:36,751 - click - INFO - C
2024-11-15 15:08:40,258 - click - INFO - A
2024-11-15 15:08:42,775 - click - INFO - C
2024-11-15 15:08:46,284 - click - INFO - I
2024-11-15 15:08:56,793 - click - INFO - A
2024-11-15 15:09:00,331 - click - INFO - A
2024-11-15 15:09:15,665 - click - INFO - 4
2024-11-15 15:09:18,180 - click - INFO - E
2024-11-15 15:09:20,687 - click - INFO - L
2024-11-15 15:09:34,112 - click - INFO - G
2024-11-15 15:09:36,620 - click - INFO - 4
2024-11-15 15:09:39,125 - click - INFO - K
2024-11-15 15:09:41,635 - click - INFO - H
2024-11-15 15:09:44,144 - click - INFO - Y
2024-11-15 15:09:46,655 - click - INFO - 4
2024-11-15 15:09:49,162 - click - INFO - E
2024-11-15 15:09:51,672 - click - INFO - L
2024-11-15 15:10:07,071 - click - INFO - A
2024-11-15 15:10:20,319 - click - INFO - A
2024-11-15 15:10:22,829 - click - INFO - C
2024-11-15 15:10:33,337 - click - INFO - A
2024-11-15 15:10:36,860 - click - INFO - A
2024-11-15 15:10:57,077 - click - INFO - A
2024-11-15 15:10:59,588 - click - INFO - C
2024-11-15 15:11:10,096 - click - INFO - A
2024-11-15 15:11:13,615 - click - INFO - A
2024-11-15 15:11:31,149 - click - INFO - S
2024-11-15 15:11:33,658 - click - INFO - C
2024-11-15 15:11:37,167 - click - INFO - S
2024-11-15 15:11:39,678 - click - INFO - C
2024-11-15 15:11:43,189 - click - INFO - S
2024-11-15 15:11:45,697 - click - INFO - C
2024-11-15 15:11:49,204 - click - INFO - S
2024-11-15 15:11:51,711 - click - INFO - V
2024-11-15 15:11:55,222 - click - INFO - I
2024-11-15 15:12:05,735 - click - INFO - A
2024-11-15 15:12:09,252 - click - INFO - A
2024-11-15 15:12:27,058 - click - INFO - A
2024-11-15 15:12:29,570 - click - INFO - C
2024-11-15 15:12:40,078 - click - INFO - A
2024-11-15 15:12:43,598 - click - INFO - A
2024-11-15 15:13:17,912 - click - INFO - A
2024-11-15 15:13:20,421 - click - INFO - C
2024-11-15 15:13:30,931 - click - INFO - A
2024-11-15 15:13:34,456 - click - INFO - A
2024-11-15 15:13:51,946 - click - INFO - S
2024-11-15 15:13:54,456 - click - INFO - C
2024-11-15 15:13:57,963 - click - INFO - S
2024-11-15 15:14:00,473 - click - INFO - C
2024-11-15 15:14:03,980 - click - INFO - S
2024-11-15 15:14:06,489 - click - INFO - C
2024-11-15 15:14:09,998 - click - INFO - S
2024-11-15 15:14:12,506 - click - INFO - V
2024-11-15 15:14:16,018 - click - INFO - A
2024-11-15 15:14:18,525 - click - INFO - Z
2024-11-15 15:14:22,037 - click - INFO - A
2024-11-15 15:14:24,547 - click - INFO - C
2024-11-15 15:14:28,055 - click - INFO - A
2024-11-15 15:14:30,563 - click - INFO - C
2024-11-15 15:14:34,070 - click - INFO - I
2024-11-15 15:14:44,578 - click - INFO - A
2024-11-15 15:14:48,097 - click - INFO - A
2024-11-15 15:15:01,436 - click - INFO - A
2024-11-15 15:15:03,954 - click - INFO - Z
2024-11-15 15:15:14,464 - click - INFO - A
2024-11-15 15:15:17,989 - click - INFO - A
2024-11-15 15:15:32,969 - click - INFO - A
2024-11-15 15:15:35,477 - click - INFO - Z
2024-11-15 15:15:45,986 - click - INFO - A
2024-11-15 15:15:49,518 - click - INFO - A
2024-11-15 15:16:10,845 - click - INFO - S
2024-11-15 15:16:13,357 - click - INFO - C
2024-11-15 15:16:16,869 - click - INFO - S
2024-11-15 15:16:19,376 - click - INFO - V
2024-11-15 15:16:22,883 - click - INFO - S
2024-11-15 15:16:25,391 - click - INFO - V
2024-11-15 15:16:28,897 - click - INFO - S
2024-11-15 15:16:31,407 - click - INFO - V
2024-11-15 15:16:34,913 - click - INFO - A
2024-11-15 15:16:37,421 - click - INFO - C
2024-11-15 15:16:40,933 - click - INFO - A
2024-11-15 15:16:43,441 - click - INFO - C
2024-11-15 15:16:46,951 - click - INFO - A
2024-11-15 15:16:49,461 - click - INFO - C
2024-11-15 15:16:52,968 - click - INFO - I
2024-11-15 15:17:03,477 - click - INFO - A
2024-11-15 15:17:06,998 - click - INFO - A
2024-11-15 15:17:41,604 - click - INFO - A
2024-11-15 15:17:44,115 - click - INFO - Z
2024-11-15 15:17:54,624 - click - INFO - A
2024-11-15 15:17:58,149 - click - INFO - A
2024-11-15 15:18:13,269 - click - INFO - A
2024-11-15 15:18:15,781 - click - INFO - Z
2024-11-15 15:18:26,290 - click - INFO - A
2024-11-15 15:18:29,809 - click - INFO - A
2024-11-15 15:18:50,860 - click - INFO - S
2024-11-15 15:18:53,367 - click - INFO - C
2024-11-15 15:18:56,875 - click - INFO - S
2024-11-15 15:18:59,382 - click - INFO - C
2024-11-15 15:19:02,893 - click - INFO - S
2024-11-15 15:19:05,403 - click - INFO - C
2024-11-15 15:19:08,912 - click - INFO - D
2024-11-15 15:19:11,419 - click - INFO - C
2024-11-15 15:19:14,927 - click - INFO - D
2024-11-15 15:19:17,439 - click - INFO - C
2024-11-15 15:19:20,947 - click - INFO - A
2024-11-15 15:19:23,456 - click - INFO - C
2024-11-15 15:19:26,965 - click - INFO - A
2024-11-15 15:19:29,474 - click - INFO - C
2024-11-15 15:19:32,980 - click - INFO - A
2024-11-15 15:19:35,490 - click - INFO - C
2024-11-15 15:19:38,995 - click - INFO - A
2024-11-15 15:19:41,502 - click - INFO - C
2024-11-15 15:19:45,010 - click - INFO - A
2024-11-15 15:19:47,527 - click - INFO - C
2024-11-15 15:19:51,037 - click - INFO - I
2024-11-15 15:20:01,548 - click - INFO - A
2024-11-15 15:20:05,069 - click - INFO - A
2024-11-15 15:20:11,226 - click - INFO - 4
2024-11-15 15:20:13,733 - click - INFO - K
2024-11-15 15:20:16,241 - click - INFO - H
2024-11-15 15:20:18,749 - click - INFO - Y
2024-11-15 15:20:32,952 - click - INFO - A
2024-11-15 15:20:48,449 - click - INFO - A
2024-11-15 15:20:50,958 - click - INFO - V
2024-11-15 15:21:01,465 - click - INFO - A
2024-11-15 15:21:04,989 - click - INFO - A
2024-11-15 15:21:20,208 - click - INFO - A
2024-11-15 15:21:22,718 - click - INFO - V
2024-11-15 15:21:33,232 - click - INFO - A
2024-11-15 15:21:36,758 - click - INFO - A
2024-11-15 15:22:22,015 - click - INFO - S
2024-11-15 15:22:24,528 - click - INFO - C
2024-11-15 15:22:28,037 - click - INFO - S
2024-11-15 15:22:30,557 - click - INFO - C
2024-11-15 15:22:34,067 - click - INFO - S
2024-11-15 15:22:36,574 - click - INFO - V
2024-11-15 15:22:40,084 - click - INFO - S
2024-11-15 15:22:42,592 - click - INFO - V
2024-11-15 15:22:46,104 - click - INFO - A
2024-11-15 15:22:48,614 - click - INFO - C
2024-11-15 15:22:52,125 - click - INFO - A
2024-11-15 15:22:54,631 - click - INFO - C
2024-11-15 15:22:58,188 - click - INFO - A
2024-11-15 15:23:00,727 - click - INFO - C
2024-11-15 15:23:04,235 - click - INFO - A
2024-11-15 15:23:06,743 - click - INFO - C
2024-11-15 15:23:10,253 - click - INFO - A
2024-11-15 15:23:12,766 - click - INFO - C
2024-11-15 15:23:16,276 - click - INFO - I
2024-11-15 15:23:26,795 - click - INFO - A
2024-11-15 15:23:30,316 - click - INFO - A
2024-11-15 15:24:08,700 - click - INFO - A
2024-11-15 15:24:11,225 - click - INFO - C
2024-11-15 15:24:21,734 - click - INFO - A
2024-11-15 15:24:25,267 - click - INFO - A
2024-11-15 15:25:07,116 - click - INFO - A
2024-11-15 15:25:09,634 - click - INFO - C
2024-11-15 15:25:20,143 - click - INFO - A
2024-11-15 15:25:23,672 - click - INFO - A
2024-11-15 15:25:46,463 - click - INFO - S
2024-11-15 15:25:48,976 - click - INFO - C
2024-11-15 15:25:52,485 - click - INFO - S
2024-11-15 15:25:54,994 - click - INFO - C
2024-11-15 15:25:58,502 - click - INFO - S
2024-11-15 15:26:01,013 - click - INFO - C
2024-11-15 15:26:04,527 - click - INFO - D
2024-11-15 15:26:07,036 - click - INFO - C
2024-11-15 15:26:10,544 - click - INFO - A
2024-11-15 15:26:13,057 - click - INFO - C
2024-11-15 15:26:16,566 - click - INFO - A
2024-11-15 15:26:19,073 - click - INFO - C
2024-11-15 15:26:22,580 - click - INFO - A
2024-11-15 15:26:25,090 - click - INFO - C
2024-11-15 15:26:28,597 - click - INFO - A
2024-11-15 15:26:31,105 - click - INFO - C
2024-11-15 15:26:34,617 - click - INFO - A
2024-11-15 15:26:37,211 - click - INFO - C
2024-11-15 15:26:40,724 - click - INFO - I
2024-11-15 15:26:51,236 - click - INFO - A
2024-11-15 15:26:54,763 - click - INFO - A
2024-11-15 15:27:11,378 - click - INFO - A
2024-11-15 15:27:13,889 - click - INFO - C
2024-11-15 15:27:24,419 - click - INFO - A
2024-11-15 15:27:27,940 - click - INFO - A
2024-11-15 15:27:46,797 - click - INFO - A
2024-11-15 15:27:49,310 - click - INFO - C
2024-11-15 15:27:59,826 - click - INFO - A
2024-11-15 15:28:03,355 - click - INFO - A
2024-11-15 15:28:31,309 - click - INFO - S
2024-11-15 15:28:33,823 - click - INFO - C
2024-11-15 15:28:37,341 - click - INFO - S
2024-11-15 15:28:39,851 - click - INFO - C
2024-11-15 15:28:43,360 - click - INFO - S
2024-11-15 15:28:45,870 - click - INFO - C
2024-11-15 15:28:49,379 - click - INFO - S
2024-11-15 15:28:51,887 - click - INFO - V
2024-11-15 15:28:55,406 - click - INFO - A
2024-11-15 15:28:57,918 - click - INFO - C
2024-11-15 15:29:01,427 - click - INFO - A
2024-11-15 15:29:03,934 - click - INFO - C
2024-11-15 15:29:07,446 - click - INFO - A
2024-11-15 15:29:09,962 - click - INFO - C
2024-11-15 15:29:13,472 - click - INFO - A
2024-11-15 15:29:15,977 - click - INFO - C
2024-11-15 15:29:19,492 - click - INFO - A
2024-11-15 15:29:22,003 - click - INFO - C
2024-11-15 15:29:25,522 - click - INFO - I
2024-11-15 15:29:36,036 - click - INFO - A
2024-11-15 15:29:39,576 - click - INFO - A
2024-11-15 15:29:59,669 - click - INFO - A
2024-11-15 15:30:02,190 - click - INFO - C
2024-11-15 15:30:12,710 - click - INFO - A
2024-11-15 15:30:16,247 - click - INFO - A
2024-11-15 15:30:31,528 - click - INFO - A
2024-11-15 15:30:34,039 - click - INFO - V
2024-11-15 15:30:44,551 - click - INFO - A
2024-11-15 15:30:48,073 - click - INFO - A
2024-11-15 15:31:32,990 - click - INFO - S
2024-11-15 15:31:35,502 - click - INFO - C
2024-11-15 15:31:39,013 - click - INFO - S
2024-11-15 15:31:41,525 - click - INFO - C
2024-11-15 15:31:45,034 - click - INFO - S
2024-11-15 15:31:47,547 - click - INFO - V
2024-11-15 15:31:51,058 - click - INFO - S
2024-11-15 15:31:53,563 - click - INFO - V
2024-11-15 15:31:57,081 - click - INFO - A
2024-11-15 15:31:59,595 - click - INFO - C
2024-11-15 15:32:03,104 - click - INFO - A
2024-11-15 15:32:05,611 - click - INFO - C
2024-11-15 15:32:09,125 - click - INFO - A
2024-11-15 15:32:11,643 - click - INFO - C
2024-11-15 15:32:15,151 - click - INFO - A
2024-11-15 15:32:17,658 - click - INFO - C
2024-11-15 15:32:21,168 - click - INFO - A
2024-11-15 15:32:23,691 - click - INFO - C
2024-11-15 15:32:27,200 - click - INFO - I
2024-11-15 15:32:37,709 - click - INFO - A
2024-11-15 15:32:41,238 - click - INFO - A
2024-11-15 15:33:07,542 - click - INFO - A
2024-11-15 15:33:10,052 - click - INFO - C
2024-11-15 15:33:20,574 - click - INFO - A
2024-11-15 15:33:24,137 - click - INFO - A
2024-11-15 15:33:38,541 - click - INFO - 4
2024-11-15 15:33:41,061 - click - INFO - E
2024-11-15 15:33:43,567 - click - INFO - L
2024-11-15 15:33:56,713 - click - INFO - 4
2024-11-15 15:33:59,228 - click - INFO - E
2024-11-15 15:34:01,738 - click - INFO - L
2024-11-15 15:34:15,108 - click - INFO - 4
2024-11-15 15:34:17,620 - click - INFO - E
2024-11-15 15:34:20,126 - click - INFO - L
2024-11-15 15:34:33,980 - click - INFO - 4
2024-11-15 15:34:36,498 - click - INFO - E
2024-11-15 15:34:39,007 - click - INFO - L
2024-11-15 15:34:42,513 - click - INFO - 4
2024-11-15 15:34:45,021 - click - INFO - Y
2024-11-15 15:34:47,528 - click - INFO - G
2024-11-15 15:34:50,035 - click - INFO - H
2024-11-15 15:34:52,543 - click - INFO - Y
2024-11-15 15:35:04,894 - click - INFO - 4
2024-11-15 15:35:07,405 - click - INFO - E
2024-11-15 15:35:09,913 - click - INFO - L
2024-11-15 15:35:23,111 - click - INFO - 4
2024-11-15 15:35:25,623 - click - INFO - E
2024-11-15 15:35:28,131 - click - INFO - L
2024-11-15 15:35:41,511 - click - INFO - 4
2024-11-15 15:35:44,024 - click - INFO - E
2024-11-15 15:35:46,532 - click - INFO - L
2024-11-15 15:35:59,955 - click - INFO - 4
2024-11-15 15:36:02,466 - click - INFO - E
2024-11-15 15:36:04,972 - click - INFO - L
2024-11-15 15:36:18,307 - click - INFO - 4
2024-11-15 15:36:20,820 - click - INFO - E
2024-11-15 15:36:23,328 - click - INFO - L
2024-11-15 15:36:34,868 - click - INFO - 4
2024-11-15 15:36:37,384 - click - INFO - E
2024-11-15 15:36:39,890 - click - INFO - L
2024-11-15 15:36:54,087 - click - INFO - G
2024-11-15 15:36:56,601 - click - INFO - 4
2024-11-15 15:36:59,111 - click - INFO - K
2024-11-15 15:37:01,621 - click - INFO - H
2024-11-15 15:37:04,130 - click - INFO - Y
2024-11-15 15:37:06,639 - click - INFO - 4
2024-11-15 15:37:09,146 - click - INFO - E
2024-11-15 15:37:11,652 - click - INFO - L
2024-11-15 15:37:27,542 - click - INFO - A
2024-11-15 15:37:40,809 - click - INFO - A
2024-11-15 15:37:43,316 - click - INFO - V
2024-11-15 15:37:53,824 - click - INFO - A
2024-11-15 15:37:57,342 - click - INFO - A
2024-11-15 15:38:10,861 - click - INFO - A
2024-11-15 15:38:13,371 - click - INFO - V
2024-11-15 15:38:23,884 - click - INFO - A
2024-11-15 15:38:27,429 - click - INFO - A
2024-11-15 15:38:48,115 - click - INFO - A
2024-11-15 15:38:50,630 - click - INFO - V
2024-11-15 15:39:01,138 - click - INFO - A
2024-11-15 15:39:04,658 - click - INFO - A
2024-11-15 15:40:28,653 - click - INFO - S
2024-11-15 15:40:31,223 - click - INFO - V
2024-11-15 15:40:34,733 - click - INFO - S
2024-11-15 15:40:37,242 - click - INFO - V
2024-11-15 15:40:40,750 - click - INFO - S
2024-11-15 15:40:43,257 - click - INFO - V
2024-11-15 15:40:46,765 - click - INFO - S
2024-11-15 15:40:49,278 - click - INFO - V
2024-11-15 15:40:52,787 - click - INFO - A
2024-11-15 15:40:55,295 - click - INFO - C
2024-11-15 15:40:58,802 - click - INFO - A
2024-11-15 15:41:01,309 - click - INFO - C
2024-11-15 15:41:04,817 - click - INFO - A
2024-11-15 15:41:07,327 - click - INFO - C
2024-11-15 15:41:10,836 - click - INFO - A
2024-11-15 15:41:13,342 - click - INFO - C
2024-11-15 15:41:16,851 - click - INFO - A
2024-11-15 15:41:19,361 - click - INFO - C
2024-11-15 15:41:22,869 - click - INFO - I
2024-11-15 15:41:38,564 - click - INFO - A
2024-11-15 15:41:42,083 - click - INFO - A
2024-11-15 15:42:18,485 - click - INFO - A
2024-11-15 15:42:20,992 - click - INFO - C
2024-11-15 15:42:31,499 - click - INFO - A
2024-11-15 15:42:35,020 - click - INFO - A
2024-11-15 15:42:51,970 - click - INFO - A
2024-11-15 15:42:54,480 - click - INFO - C
2024-11-15 15:43:04,988 - click - INFO - A
2024-11-15 15:43:08,510 - click - INFO - A
2024-11-15 15:43:32,647 - click - INFO - S
2024-11-15 15:43:35,159 - click - INFO - C
2024-11-15 15:43:38,676 - click - INFO - S
2024-11-15 15:43:41,188 - click - INFO - C
2024-11-15 15:43:44,697 - click - INFO - S
2024-11-15 15:43:47,208 - click - INFO - C
2024-11-15 15:43:50,717 - click - INFO - D
2024-11-15 15:43:53,225 - click - INFO - C
2024-11-15 15:43:56,732 - click - INFO - A
2024-11-15 15:43:59,240 - click - INFO - C
2024-11-15 15:44:02,748 - click - INFO - A
2024-11-15 15:44:05,257 - click - INFO - C
2024-11-15 15:44:08,765 - click - INFO - A
2024-11-15 15:44:11,271 - click - INFO - C
2024-11-15 15:44:14,778 - click - INFO - A
2024-11-15 15:44:17,290 - click - INFO - C
2024-11-15 15:44:20,802 - click - INFO - A
2024-11-15 15:44:23,310 - click - INFO - C
2024-11-15 15:44:26,816 - click - INFO - I
2024-11-15 15:44:37,324 - click - INFO - A
2024-11-15 15:44:40,852 - click - INFO - A
2024-11-15 15:45:13,191 - click - INFO - A
2024-11-15 15:45:15,699 - click - INFO - C
2024-11-15 15:45:26,208 - click - INFO - A
2024-11-15 15:45:29,730 - click - INFO - A
2024-11-15 15:45:43,766 - click - INFO - A
2024-11-15 15:45:46,279 - click - INFO - V
2024-11-15 15:45:56,790 - click - INFO - A
2024-11-15 15:46:00,317 - click - INFO - A
2024-11-15 15:46:22,850 - click - INFO - S
2024-11-15 15:46:25,358 - click - INFO - C
2024-11-15 15:46:28,868 - click - INFO - S
2024-11-15 15:46:31,380 - click - INFO - C
2024-11-15 15:46:34,887 - click - INFO - S
2024-11-15 15:46:37,395 - click - INFO - C
2024-11-15 15:46:40,902 - click - INFO - D
2024-11-15 15:46:43,412 - click - INFO - C
2024-11-15 15:46:46,919 - click - INFO - A
2024-11-15 15:46:49,426 - click - INFO - C
2024-11-15 15:46:52,936 - click - INFO - A
2024-11-15 15:46:55,443 - click - INFO - C
2024-11-15 15:46:58,950 - click - INFO - A
2024-11-15 15:47:01,458 - click - INFO - C
2024-11-15 15:47:04,967 - click - INFO - A
2024-11-15 15:47:07,476 - click - INFO - C
2024-11-15 15:47:10,985 - click - INFO - A
2024-11-15 15:47:13,492 - click - INFO - C
2024-11-15 15:47:17,001 - click - INFO - I
2024-11-15 15:47:27,508 - click - INFO - A
2024-11-15 15:47:31,044 - click - INFO - A
2024-11-15 15:47:36,615 - click - INFO - 4
2024-11-15 15:47:39,123 - click - INFO - K
2024-11-15 15:47:41,630 - click - INFO - H
2024-11-15 15:47:44,136 - click - INFO - Y
2024-11-15 15:47:54,458 - click - INFO - 4
2024-11-15 15:47:56,976 - click - INFO - E
2024-11-15 15:47:59,484 - click - INFO - L
2024-11-15 15:48:13,151 - click - INFO - 4
2024-11-15 15:48:15,661 - click - INFO - E
2024-11-15 15:48:18,174 - click - INFO - L
2024-11-15 15:48:32,344 - click - INFO - 4
2024-11-15 15:48:34,859 - click - INFO - E
2024-11-15 15:48:37,380 - click - INFO - L
2024-11-15 15:48:49,139 - click - INFO - 4
2024-11-15 15:48:51,666 - click - INFO - E
2024-11-15 15:48:54,202 - click - INFO - L
2024-11-15 15:49:06,834 - click - INFO - 4
2024-11-15 15:49:09,365 - click - INFO - E
2024-11-15 15:49:11,904 - click - INFO - L
2024-11-15 15:49:25,445 - click - INFO - 4
2024-11-15 15:49:27,956 - click - INFO - E
2024-11-15 15:49:30,469 - click - INFO - L
2024-11-15 15:49:46,384 - click - INFO - A
2024-11-15 15:49:59,001 - click - INFO - A
2024-11-15 15:50:01,510 - click - INFO - V
2024-11-15 15:50:12,020 - click - INFO - A
2024-11-15 15:50:15,540 - click - INFO - A
2024-11-15 15:50:34,414 - click - INFO - A
2024-11-15 15:50:36,922 - click - INFO - V
2024-11-15 15:50:47,432 - click - INFO - A
2024-11-15 15:50:50,962 - click - INFO - A
